<?xml version="1.0" encoding="UTF-8"?>
<!-- Generated by org.testng.reporters.JUnitReportReporter -->
<testsuite hostname="DESKTOP-GQUOU22" name="bg.pragmatic.datadriven.TestNGDDT" tests="4" failures="0" timestamp="24 Jul 2017 17:04:54 GMT" time="0.872" errors="0">
  <testcase name="testBMICalculator" time="0.174" classname="bg.pragmatic.datadriven.TestNGDDT"/>
  <testcase name="testBMICalculator" time="0.358" classname="bg.pragmatic.datadriven.TestNGDDT"/>
  <testcase name="testBMICalculator" time="0.166" classname="bg.pragmatic.datadriven.TestNGDDT"/>
  <testcase name="testBMICalculator" time="0.174" classname="bg.pragmatic.datadriven.TestNGDDT"/>
</testsuite> <!-- bg.pragmatic.datadriven.TestNGDDT -->
